{
  "RSpec": {
    "coverage": {
      "/Users/bensheridanedwards/Documents/2019/Makers/Main-Course/Week-10/Tech Tests/Bank/spec/account_spec.rb": [
        1,
        null,
        1,
        null,
        3,
        null,
        1,
        1,
        null,
        null,
        1,
        1,
        1,
        1,
        null,
        null,
        null
      ],
      "/Users/bensheridanedwards/Documents/2019/Makers/Main-Course/Week-10/Tech Tests/Bank/lib/account.rb": [
        1,
        null,
        1,
        null,
        1,
        2,
        null,
        null,
        1,
        1,
        null,
        null
      ]
    },
    "timestamp": 1580126912
  }
}
